Build started 2016-01-15 14:06:54.
     1>Project "C:\Users\Simon\Desktop\SDL_SpaceInvaders\SDL_SpaceInvaders\SDL_SpaceInvaders.vcxproj" on node 2 (Build target(s)).
     1>ClCompile:
         C:\Program Files (x86)\Microsoft Visual Studio 14.0\VC\bin\CL.exe /c /ZI /nologo /W3 /WX- /Od /Oy- /D _MBCS /Gm /EHsc /RTC1 /MDd /GS /fp:precise /Zc:wchar_t /Zc:forScope /Zc:inline /Fo"Debug\\" /Fd"Debug\vc140.pdb" /Gd /TP /analyze- /errorReport:prompt GameState.cpp
         GameState.cpp
     1>c:\users\simon\desktop\sdl_spaceinvaders\sdl_spaceinvaders\gamestate.cpp(68): warning C4244: 'argument': conversion from 'int' to 'float', possible loss of data
     1>c:\users\simon\desktop\sdl_spaceinvaders\sdl_spaceinvaders\gamestate.cpp(231): warning C4244: 'argument': conversion from 'float' to 'int', possible loss of data
     1>c:\users\simon\desktop\sdl_spaceinvaders\sdl_spaceinvaders\gamestate.cpp(235): warning C4244: 'argument': conversion from 'float' to 'int', possible loss of data
     1>c:\users\simon\desktop\sdl_spaceinvaders\sdl_spaceinvaders\gamestate.cpp(251): warning C4244: 'argument': conversion from 'float' to 'int', possible loss of data
     1>c:\users\simon\desktop\sdl_spaceinvaders\sdl_spaceinvaders\gamestate.cpp(256): warning C4244: 'argument': conversion from 'float' to 'int', possible loss of data
     1>c:\users\simon\desktop\sdl_spaceinvaders\sdl_spaceinvaders\gamestate.cpp(276): warning C4244: 'argument': conversion from 'float' to 'int', possible loss of data
     1>c:\users\simon\desktop\sdl_spaceinvaders\sdl_spaceinvaders\gamestate.cpp(324): warning C4553: '==': operator has no effect; did you intend '='?
       Link:
         C:\Program Files (x86)\Microsoft Visual Studio 14.0\VC\bin\link.exe /ERRORREPORT:PROMPT /OUT:"C:\Users\Simon\Desktop\SDL_SpaceInvaders\Debug\SDL_SpaceInvaders.exe" /INCREMENTAL /NOLOGO SDL2.lib SDL2main.lib SDL2_mixer.lib kernel32.lib user32.lib gdi32.lib winspool.lib comdlg32.lib advapi32.lib shell32.lib ole32.lib oleaut32.lib uuid.lib odbc32.lib odbccp32.lib /MANIFEST /MANIFESTUAC:"level='asInvoker' uiAccess='false'" /manifest:embed /Debug /PDB:"C:\Users\Simon\Desktop\SDL_SpaceInvaders\Debug\SDL_SpaceInvaders.pdb" /SUBSYSTEM:CONSOLE /TLBID:1 /DYNAMICBASE /NXCOMPAT /IMPLIB:"C:\Users\Simon\Desktop\SDL_SpaceInvaders\Debug\SDL_SpaceInvaders.lib" /MACHINE:X86 Debug\Collider.obj
         Debug\CollisionManager.obj
         Debug\Defence.obj
         Debug\DrawManager.obj
         Debug\EnemyShot.obj
         Debug\Engine.obj
         Debug\GameOverState.obj
         Debug\GameState.obj
         Debug\InputManager.obj
         Debug\Invader.obj
         Debug\IState.obj
         Debug\Keyboard.obj
         Debug\main.obj
         Debug\Menu.obj
         Debug\MenuState.obj
         Debug\Mouse.obj
         Debug\Player.obj
         Debug\Shot.obj
         Debug\Sprite.obj
         Debug\SpriteManager.obj
         Debug\StateManager.obj
         Debug\stdafx.obj
         Debug\Utility.obj
         Debug\WinState.obj
         SDL_SpaceInvaders.vcxproj -> C:\Users\Simon\Desktop\SDL_SpaceInvaders\Debug\SDL_SpaceInvaders.exe
     1>Done Building Project "C:\Users\Simon\Desktop\SDL_SpaceInvaders\SDL_SpaceInvaders\SDL_SpaceInvaders.vcxproj" (Build target(s)).

Build succeeded.

Time Elapsed 00:00:00.83
