c:\users\simon\desktop\skola\programming\sdl_spaceinvaders\sdl_spaceinvaders\debug\vc140.pdb
c:\users\simon\desktop\skola\programming\sdl_spaceinvaders\sdl_spaceinvaders\debug\vc140.idb
c:\users\simon\desktop\skola\programming\sdl_spaceinvaders\sdl_spaceinvaders\debug\gameoverstate.obj
c:\users\simon\desktop\skola\programming\sdl_spaceinvaders\sdl_spaceinvaders\debug\gamestate.obj
c:\users\simon\desktop\skola\programming\sdl_spaceinvaders\sdl_spaceinvaders\debug\hud.obj
c:\users\simon\desktop\skola\programming\sdl_spaceinvaders\sdl_spaceinvaders\debug\inputmanager.obj
c:\users\simon\desktop\skola\programming\sdl_spaceinvaders\sdl_spaceinvaders\debug\invader.obj
c:\users\simon\desktop\skola\programming\sdl_spaceinvaders\sdl_spaceinvaders\debug\istate.obj
c:\users\simon\desktop\skola\programming\sdl_spaceinvaders\sdl_spaceinvaders\debug\keyboard.obj
c:\users\simon\desktop\skola\programming\sdl_spaceinvaders\sdl_spaceinvaders\debug\main.obj
c:\users\simon\desktop\skola\programming\sdl_spaceinvaders\sdl_spaceinvaders\debug\menu.obj
c:\users\simon\desktop\skola\programming\sdl_spaceinvaders\sdl_spaceinvaders\debug\menustate.obj
c:\users\simon\desktop\skola\programming\sdl_spaceinvaders\sdl_spaceinvaders\debug\mouse.obj
c:\users\simon\desktop\skola\programming\sdl_spaceinvaders\sdl_spaceinvaders\debug\musicclip.obj
c:\users\simon\desktop\skola\programming\sdl_spaceinvaders\sdl_spaceinvaders\debug\player.obj
c:\users\simon\desktop\skola\programming\sdl_spaceinvaders\sdl_spaceinvaders\debug\shot.obj
c:\users\simon\desktop\skola\programming\sdl_spaceinvaders\sdl_spaceinvaders\debug\soundclip.obj
c:\users\simon\desktop\skola\programming\sdl_spaceinvaders\sdl_spaceinvaders\debug\sprite.obj
c:\users\simon\desktop\skola\programming\sdl_spaceinvaders\sdl_spaceinvaders\debug\spritemanager.obj
c:\users\simon\desktop\skola\programming\sdl_spaceinvaders\sdl_spaceinvaders\debug\statemanager.obj
c:\users\simon\desktop\skola\programming\sdl_spaceinvaders\sdl_spaceinvaders\debug\stdafx.obj
c:\users\simon\desktop\skola\programming\sdl_spaceinvaders\sdl_spaceinvaders\debug\winstate.obj
c:\users\simon\desktop\skola\programming\sdl_spaceinvaders\sdl_spaceinvaders\debug\audiomanager.obj
c:\users\simon\desktop\skola\programming\sdl_spaceinvaders\sdl_spaceinvaders\debug\collider.obj
c:\users\simon\desktop\skola\programming\sdl_spaceinvaders\sdl_spaceinvaders\debug\collisionmanager.obj
c:\users\simon\desktop\skola\programming\sdl_spaceinvaders\sdl_spaceinvaders\debug\defence.obj
c:\users\simon\desktop\skola\programming\sdl_spaceinvaders\sdl_spaceinvaders\debug\drawmanager.obj
c:\users\simon\desktop\skola\programming\sdl_spaceinvaders\sdl_spaceinvaders\debug\enemyshot.obj
c:\users\simon\desktop\skola\programming\sdl_spaceinvaders\sdl_spaceinvaders\debug\engine.obj
c:\users\simon\desktop\skola\programming\sdl_spaceinvaders\debug\sdl_spaceinvaders.ilk
c:\users\simon\desktop\skola\programming\sdl_spaceinvaders\debug\sdl_spaceinvaders.exe
c:\users\simon\desktop\skola\programming\sdl_spaceinvaders\debug\sdl_spaceinvaders.pdb
c:\users\simon\desktop\skola\programming\sdl_spaceinvaders\sdl_spaceinvaders\debug\sdl_spac.e482f204.tlog\cl.command.1.tlog
c:\users\simon\desktop\skola\programming\sdl_spaceinvaders\sdl_spaceinvaders\debug\sdl_spac.e482f204.tlog\cl.read.1.tlog
c:\users\simon\desktop\skola\programming\sdl_spaceinvaders\sdl_spaceinvaders\debug\sdl_spac.e482f204.tlog\cl.write.1.tlog
c:\users\simon\desktop\skola\programming\sdl_spaceinvaders\sdl_spaceinvaders\debug\sdl_spac.e482f204.tlog\link.command.1.tlog
c:\users\simon\desktop\skola\programming\sdl_spaceinvaders\sdl_spaceinvaders\debug\sdl_spac.e482f204.tlog\link.read.1.tlog
c:\users\simon\desktop\skola\programming\sdl_spaceinvaders\sdl_spaceinvaders\debug\sdl_spac.e482f204.tlog\link.write.1.tlog
